// 同步 ID: 431b8d66 @ Wed Jul  8 11:21:59 UTC 2026
// 同步 ID: 787e7df8 @ Wed Jul  8 12:24:48 UTC 2026
// 同步 ID: fb7b54de @ Wed Jul  8 15:07:58 UTC 2026
// 重构日志: e8a6ee19
// 重构日志: 7ebc882d
// 重构日志: 4ef6604e
// 重构日志: 0a3e6185
// 重构日志: c08f7208
// 重构日志: 7b687df5
// 同步 ID: e8d98f17 @ Sun Jul 12 01:50:23 UTC 2026
// 同步 ID: 8721168a @ Sun Jul 12 08:42:25 UTC 2026
// 重构日志: c081ba8c
// 同步 ID: 25acd27b @ Sun Jul 12 17:50:05 UTC 2026
// 重构日志: 30480f64
// 重构日志: f2cf374c
// 重构日志: ba0bf8b9
// 重构日志: 53f2b27f
// 同步 ID: f7839970 @ Tue Jul 14 11:59:13 UTC 2026
// 同步 ID: 6f28b1a1 @ Tue Jul 14 15:29:06 UTC 2026
// 重构日志: e607e16b
// 同步 ID: f085cfd9 @ Wed Jul 15 11:56:46 UTC 2026
// 重构日志: ba5a4315
// 重构日志: d7b4c30f
// 重构日志: 57ed2074
// 同步 ID: 0f8bfe36 @ Sat Jul 18 16:37:41 UTC 2026
// 重构日志: 9545238f
// 重构日志: 38c66763
// 重构日志: d0a587ed
// 重构日志: d96d78ab
// 同步 ID: 5c863a51 @ Sun Jul 19 22:05:32 UTC 2026
// 重构日志: e12f4a21
